
*** Running vivado
    with args -log asteroids.vds -m64 -product Vivado -mode batch -messageDb vivado.pb -notrace -source asteroids.tcl



****** Vivado v2021.1 (64-bit)
  **** SW Build 3247384 on Thu Jun 10 19:36:33 MDT 2021
  **** IP Build 3246043 on Fri Jun 11 00:30:35 MDT 2021
    ** Copyright 1986-2021 Xilinx, Inc. All Rights Reserved.

source asteroids.tcl -notrace
Command: synth_design -top asteroids -part xc7a100tcsg324-1
Starting synth_design
Attempting to get a license for feature 'Synthesis' and/or device 'xc7a100t'
INFO: [Common 17-349] Got license for feature 'Synthesis' and/or device 'xc7a100t'
INFO: [Device 21-403] Loading part xc7a100tcsg324-1
INFO: [Synth 8-7079] Multithreading enabled for synth_design using a maximum of 2 processes.
INFO: [Synth 8-7078] Launching helper process for spawning children vivado processes
INFO: [Synth 8-7075] Helper process launched with PID 20448
---------------------------------------------------------------------------------
Starting RTL Elaboration : Time (s): cpu = 00:00:07 ; elapsed = 00:00:08 . Memory (MB): peak = 1127.707 ; gain = 0.000
---------------------------------------------------------------------------------
WARNING: [Synth 8-1565] actual for formal port red_in is neither a static name nor a globally static expression [C:/Users/johns/Documents/Digital System Design/Personal/dsd/Projects/asteroids/asteroids.srcs/sources_1/new/asteroids.vhd:132]
WARNING: [Synth 8-1565] actual for formal port green_in is neither a static name nor a globally static expression [C:/Users/johns/Documents/Digital System Design/Personal/dsd/Projects/asteroids/asteroids.srcs/sources_1/new/asteroids.vhd:133]
WARNING: [Synth 8-1565] actual for formal port blue_in is neither a static name nor a globally static expression [C:/Users/johns/Documents/Digital System Design/Personal/dsd/Projects/asteroids/asteroids.srcs/sources_1/new/asteroids.vhd:134]
INFO: [Synth 8-638] synthesizing module 'asteroids' [C:/Users/johns/Documents/Digital System Design/Personal/dsd/Projects/asteroids/asteroids.srcs/sources_1/new/asteroids.vhd:25]
INFO: [Synth 8-3491] module 'adc_if' declared at 'C:/Users/johns/Documents/Digital System Design/Personal/dsd/Projects/asteroids/asteroids.srcs/sources_1/new/adc_if.vhd:5' bound to instance 'adc' of component 'adc_if' [C:/Users/johns/Documents/Digital System Design/Personal/dsd/Projects/asteroids/asteroids.srcs/sources_1/new/asteroids.vhd:107]
INFO: [Synth 8-638] synthesizing module 'adc_if' [C:/Users/johns/Documents/Digital System Design/Personal/dsd/Projects/asteroids/asteroids.srcs/sources_1/new/adc_if.vhd:15]
INFO: [Synth 8-256] done synthesizing module 'adc_if' (1#1) [C:/Users/johns/Documents/Digital System Design/Personal/dsd/Projects/asteroids/asteroids.srcs/sources_1/new/adc_if.vhd:15]
INFO: [Synth 8-3491] module 'ship_n_asteroids' declared at 'C:/Users/johns/Documents/Digital System Design/Personal/dsd/Projects/asteroids/asteroids.srcs/sources_1/new/ship_n_asteroids.vhd:7' bound to instance 'add_sa' of component 'ship_n_asteroids' [C:/Users/johns/Documents/Digital System Design/Personal/dsd/Projects/asteroids/asteroids.srcs/sources_1/new/asteroids.vhd:116]
INFO: [Synth 8-638] synthesizing module 'ship_n_asteroids' [C:/Users/johns/Documents/Digital System Design/Personal/dsd/Projects/asteroids/asteroids.srcs/sources_1/new/ship_n_asteroids.vhd:22]
WARNING: [Synth 8-613] shared variable will be implemented as local to architecture [C:/Users/johns/Documents/Digital System Design/Personal/dsd/Projects/asteroids/asteroids.srcs/sources_1/new/ship_n_asteroids.vhd:44]
WARNING: [Synth 8-613] shared variable will be implemented as local to architecture [C:/Users/johns/Documents/Digital System Design/Personal/dsd/Projects/asteroids/asteroids.srcs/sources_1/new/ship_n_asteroids.vhd:44]
WARNING: [Synth 8-614] signal 'ast_size' is read in the process but is not in the sensitivity list [C:/Users/johns/Documents/Digital System Design/Personal/dsd/Projects/asteroids/asteroids.srcs/sources_1/new/ship_n_asteroids.vhd:60]
WARNING: [Synth 8-614] signal 'game_on' is read in the process but is not in the sensitivity list [C:/Users/johns/Documents/Digital System Design/Personal/dsd/Projects/asteroids/asteroids.srcs/sources_1/new/ship_n_asteroids.vhd:60]
INFO: [Synth 8-256] done synthesizing module 'ship_n_asteroids' (2#1) [C:/Users/johns/Documents/Digital System Design/Personal/dsd/Projects/asteroids/asteroids.srcs/sources_1/new/ship_n_asteroids.vhd:22]
INFO: [Synth 8-3491] module 'vga_sync' declared at 'C:/Users/johns/Documents/Digital System Design/Personal/dsd/Projects/asteroids/asteroids.srcs/sources_1/new/vga_sync.vhd:5' bound to instance 'vga_driver' of component 'vga_sync' [C:/Users/johns/Documents/Digital System Design/Personal/dsd/Projects/asteroids/asteroids.srcs/sources_1/new/asteroids.vhd:129]
INFO: [Synth 8-638] synthesizing module 'vga_sync' [C:/Users/johns/Documents/Digital System Design/Personal/dsd/Projects/asteroids/asteroids.srcs/sources_1/new/vga_sync.vhd:21]
INFO: [Synth 8-256] done synthesizing module 'vga_sync' (3#1) [C:/Users/johns/Documents/Digital System Design/Personal/dsd/Projects/asteroids/asteroids.srcs/sources_1/new/vga_sync.vhd:21]
INFO: [Synth 8-3491] module 'clk_wiz_0' declared at 'C:/Users/johns/Documents/Digital System Design/Personal/dsd/Projects/asteroids/asteroids.srcs/sources_1/new/clk_wiz_0.vhd:74' bound to instance 'clk_wiz_0_inst' of component 'clk_wiz_0' [C:/Users/johns/Documents/Digital System Design/Personal/dsd/Projects/asteroids/asteroids.srcs/sources_1/new/asteroids.vhd:145]
INFO: [Synth 8-638] synthesizing module 'clk_wiz_0' [C:/Users/johns/Documents/Digital System Design/Personal/dsd/Projects/asteroids/asteroids.srcs/sources_1/new/clk_wiz_0.vhd:83]
INFO: [Synth 8-3491] module 'clk_wiz_0_clk_wiz' declared at 'C:/Users/johns/Documents/Digital System Design/Personal/dsd/Projects/asteroids/asteroids.srcs/sources_1/new/clk_wiz_0_clk_wiz.vhd:63' bound to instance 'U0' of component 'clk_wiz_0_clk_wiz' [C:/Users/johns/Documents/Digital System Design/Personal/dsd/Projects/asteroids/asteroids.srcs/sources_1/new/clk_wiz_0.vhd:98]
INFO: [Synth 8-638] synthesizing module 'clk_wiz_0_clk_wiz' [C:/Users/johns/Documents/Digital System Design/Personal/dsd/Projects/asteroids/asteroids.srcs/sources_1/new/clk_wiz_0_clk_wiz.vhd:72]
	Parameter BANDWIDTH bound to: OPTIMIZED - type: string 
	Parameter CLKFBOUT_MULT_F bound to: 10.125000 - type: double 
	Parameter CLKFBOUT_PHASE bound to: 0.000000 - type: double 
	Parameter CLKFBOUT_USE_FINE_PS bound to: 0 - type: bool 
	Parameter CLKIN1_PERIOD bound to: 10.000000 - type: double 
	Parameter CLKOUT0_DIVIDE_F bound to: 25.250000 - type: double 
	Parameter CLKOUT0_DUTY_CYCLE bound to: 0.500000 - type: double 
	Parameter CLKOUT0_PHASE bound to: 0.000000 - type: double 
	Parameter CLKOUT0_USE_FINE_PS bound to: 0 - type: bool 
	Parameter CLKOUT4_CASCADE bound to: 0 - type: bool 
	Parameter COMPENSATION bound to: ZHOLD - type: string 
	Parameter DIVCLK_DIVIDE bound to: 1 - type: integer 
	Parameter REF_JITTER1 bound to: 0.010000 - type: double 
	Parameter STARTUP_WAIT bound to: 0 - type: bool 
INFO: [Synth 8-113] binding component instance 'mmcm_adv_inst' to cell 'MMCME2_ADV' [C:/Users/johns/Documents/Digital System Design/Personal/dsd/Projects/asteroids/asteroids.srcs/sources_1/new/clk_wiz_0_clk_wiz.vhd:114]
INFO: [Synth 8-113] binding component instance 'clkf_buf' to cell 'BUFG' [C:/Users/johns/Documents/Digital System Design/Personal/dsd/Projects/asteroids/asteroids.srcs/sources_1/new/clk_wiz_0_clk_wiz.vhd:176]
INFO: [Synth 8-113] binding component instance 'clkout1_buf' to cell 'BUFG' [C:/Users/johns/Documents/Digital System Design/Personal/dsd/Projects/asteroids/asteroids.srcs/sources_1/new/clk_wiz_0_clk_wiz.vhd:183]
INFO: [Synth 8-256] done synthesizing module 'clk_wiz_0_clk_wiz' (4#1) [C:/Users/johns/Documents/Digital System Design/Personal/dsd/Projects/asteroids/asteroids.srcs/sources_1/new/clk_wiz_0_clk_wiz.vhd:72]
INFO: [Synth 8-256] done synthesizing module 'clk_wiz_0' (5#1) [C:/Users/johns/Documents/Digital System Design/Personal/dsd/Projects/asteroids/asteroids.srcs/sources_1/new/clk_wiz_0.vhd:83]
INFO: [Synth 8-3491] module 'leddec16' declared at 'C:/Users/johns/Documents/Digital System Design/Personal/dsd/Projects/asteroids/asteroids.srcs/sources_1/new/leddec16.vhd:4' bound to instance 'led1' of component 'leddec16' [C:/Users/johns/Documents/Digital System Design/Personal/dsd/Projects/asteroids/asteroids.srcs/sources_1/new/asteroids.vhd:150]
INFO: [Synth 8-638] synthesizing module 'leddec16' [C:/Users/johns/Documents/Digital System Design/Personal/dsd/Projects/asteroids/asteroids.srcs/sources_1/new/leddec16.vhd:12]
INFO: [Synth 8-256] done synthesizing module 'leddec16' (6#1) [C:/Users/johns/Documents/Digital System Design/Personal/dsd/Projects/asteroids/asteroids.srcs/sources_1/new/leddec16.vhd:12]
INFO: [Synth 8-256] done synthesizing module 'asteroids' (7#1) [C:/Users/johns/Documents/Digital System Design/Personal/dsd/Projects/asteroids/asteroids.srcs/sources_1/new/asteroids.vhd:25]
---------------------------------------------------------------------------------
Finished RTL Elaboration : Time (s): cpu = 00:00:09 ; elapsed = 00:00:10 . Memory (MB): peak = 1127.707 ; gain = 0.000
---------------------------------------------------------------------------------
---------------------------------------------------------------------------------
Start Handling Custom Attributes
---------------------------------------------------------------------------------
---------------------------------------------------------------------------------
Finished Handling Custom Attributes : Time (s): cpu = 00:00:10 ; elapsed = 00:00:11 . Memory (MB): peak = 1127.707 ; gain = 0.000
---------------------------------------------------------------------------------
---------------------------------------------------------------------------------
Finished RTL Optimization Phase 1 : Time (s): cpu = 00:00:10 ; elapsed = 00:00:11 . Memory (MB): peak = 1127.707 ; gain = 0.000
---------------------------------------------------------------------------------
Netlist sorting complete. Time (s): cpu = 00:00:00 ; elapsed = 00:00:00.014 . Memory (MB): peak = 1127.707 ; gain = 0.000
INFO: [Netlist 29-17] Analyzing 1 Unisim elements for replacement
INFO: [Netlist 29-28] Unisim Transformation completed in 0 CPU seconds
INFO: [Project 1-570] Preparing netlist for logic optimization

Processing XDC Constraints
Initializing timing engine
Parsing XDC File [C:/Users/johns/Documents/Digital System Design/Personal/dsd/Projects/asteroids/asteroids.srcs/constrs_1/new/asteroids.xdc]
Finished Parsing XDC File [C:/Users/johns/Documents/Digital System Design/Personal/dsd/Projects/asteroids/asteroids.srcs/constrs_1/new/asteroids.xdc]
INFO: [Project 1-236] Implementation specific constraints were found while reading constraint file [C:/Users/johns/Documents/Digital System Design/Personal/dsd/Projects/asteroids/asteroids.srcs/constrs_1/new/asteroids.xdc]. These constraints will be ignored for synthesis but will be used in implementation. Impacted constraints are listed in the file [.Xil/asteroids_propImpl.xdc].
Resolution: To avoid this warning, move constraints listed in [.Xil/asteroids_propImpl.xdc] to another XDC file and exclude this new file from synthesis with the used_in_synthesis property (File Properties dialog in GUI) and re-run elaboration/synthesis.
INFO: [Timing 38-2] Deriving generated clocks
Completed Processing XDC Constraints

Netlist sorting complete. Time (s): cpu = 00:00:00 ; elapsed = 00:00:00.001 . Memory (MB): peak = 1127.707 ; gain = 0.000
INFO: [Project 1-111] Unisim Transformation Summary:
No Unisim elements were transformed.

Constraint Validation Runtime : Time (s): cpu = 00:00:00 ; elapsed = 00:00:00.006 . Memory (MB): peak = 1127.707 ; gain = 0.000
---------------------------------------------------------------------------------
Finished Constraint Validation : Time (s): cpu = 00:00:20 ; elapsed = 00:00:21 . Memory (MB): peak = 1127.707 ; gain = 0.000
---------------------------------------------------------------------------------
---------------------------------------------------------------------------------
Start Loading Part and Timing Information
---------------------------------------------------------------------------------
Loading part: xc7a100tcsg324-1
---------------------------------------------------------------------------------
Finished Loading Part and Timing Information : Time (s): cpu = 00:00:20 ; elapsed = 00:00:21 . Memory (MB): peak = 1127.707 ; gain = 0.000
---------------------------------------------------------------------------------
---------------------------------------------------------------------------------
Start Applying 'set_property' XDC Constraints
---------------------------------------------------------------------------------
---------------------------------------------------------------------------------
Finished applying 'set_property' XDC Constraints : Time (s): cpu = 00:00:20 ; elapsed = 00:00:21 . Memory (MB): peak = 1127.707 ; gain = 0.000
---------------------------------------------------------------------------------
---------------------------------------------------------------------------------
Finished RTL Optimization Phase 2 : Time (s): cpu = 00:00:20 ; elapsed = 00:00:21 . Memory (MB): peak = 1127.707 ; gain = 0.000
---------------------------------------------------------------------------------
---------------------------------------------------------------------------------
Start RTL Component Statistics 
---------------------------------------------------------------------------------
Detailed RTL Component Info : 
+---Adders : 
	   2 Input   32 Bit       Adders := 1     
	   2 Input   31 Bit       Adders := 1     
	   2 Input   12 Bit       Adders := 1     
	   2 Input   11 Bit       Adders := 7     
	   3 Input   11 Bit       Adders := 5     
	   2 Input   10 Bit       Adders := 2     
+---Registers : 
	               16 Bit    Registers := 1     
	               12 Bit    Registers := 4     
	               11 Bit    Registers := 8     
	               10 Bit    Registers := 1     
	                4 Bit    Registers := 3     
	                1 Bit    Registers := 6     
+---Multipliers : 
	               6x32  Multipliers := 1     
+---Muxes : 
	   2 Input   31 Bit        Muxes := 1     
	   2 Input   11 Bit        Muxes := 6     
	   3 Input   11 Bit        Muxes := 1     
	   5 Input    8 Bit        Muxes := 1     
	   2 Input    4 Bit        Muxes := 4     
	   4 Input    4 Bit        Muxes := 1     
	   2 Input    1 Bit        Muxes := 4     
---------------------------------------------------------------------------------
Finished RTL Component Statistics 
---------------------------------------------------------------------------------
---------------------------------------------------------------------------------
Start Part Resource Summary
---------------------------------------------------------------------------------
Part Resources:
DSPs: 240 (col length:80)
BRAMs: 270 (col length: RAMB18 80 RAMB36 40)
---------------------------------------------------------------------------------
Finished Part Resource Summary
---------------------------------------------------------------------------------
---------------------------------------------------------------------------------
Start Cross Boundary and Area Optimization
---------------------------------------------------------------------------------
DSP Report: Generating DSP add_sa/count3, operation Mode is: (C:0x13)+A2*(B:0x11).
DSP Report: register add_sa/count3 is absorbed into DSP add_sa/count3.
DSP Report: operator add_sa/count3 is absorbed into DSP add_sa/count3.
DSP Report: operator add_sa/count4 is absorbed into DSP add_sa/count3.
DSP Report: Generating DSP add_sa/R, operation Mode is: A*B.
DSP Report: operator add_sa/R is absorbed into DSP add_sa/R.
DSP Report: operator add_sa/R is absorbed into DSP add_sa/R.
DSP Report: Generating DSP add_sa/multOp, operation Mode is: A*B.
DSP Report: operator add_sa/multOp is absorbed into DSP add_sa/multOp.
DSP Report: Generating DSP add_sa/plusOp, operation Mode is: PCIN+A*B.
DSP Report: operator add_sa/plusOp is absorbed into DSP add_sa/plusOp.
DSP Report: operator add_sa/multOp is absorbed into DSP add_sa/plusOp.
CRITICAL WARNING: [Synth 8-6859] multi-driven net on pin game_on_reg with 1st driver pin 'add_sa/game_on_reg/Q' [C:/Users/johns/Documents/Digital System Design/Personal/dsd/Projects/asteroids/asteroids.srcs/sources_1/new/ship_n_asteroids.vhd:100]
CRITICAL WARNING: [Synth 8-6859] multi-driven net on pin game_on_reg with 2nd driver pin 'VCC' [C:/Users/johns/Documents/Digital System Design/Personal/dsd/Projects/asteroids/asteroids.srcs/sources_1/new/ship_n_asteroids.vhd:100]
CRITICAL WARNING: [Synth 8-6858] multi-driven net game_on_reg is connected to at least one constant driver which has been preserved, other driver is ignored [C:/Users/johns/Documents/Digital System Design/Personal/dsd/Projects/asteroids/asteroids.srcs/sources_1/new/ship_n_asteroids.vhd:100]
---------------------------------------------------------------------------------
Finished Cross Boundary and Area Optimization : Time (s): cpu = 00:00:26 ; elapsed = 00:00:27 . Memory (MB): peak = 1127.707 ; gain = 0.000
---------------------------------------------------------------------------------
---------------------------------------------------------------------------------
Start ROM, RAM, DSP, Shift Register and Retiming Reporting
---------------------------------------------------------------------------------

DSP: Preliminary Mapping Report (see note below)
+-----------------+----------------------+--------+--------+--------+--------+--------+------+------+------+------+-------+------+------+
|Module Name      | DSP Mapping          | A Size | B Size | C Size | D Size | P Size | AREG | BREG | CREG | DREG | ADREG | MREG | PREG | 
+-----------------+----------------------+--------+--------+--------+--------+--------+------+------+------+------+-------+------+------+
|asteroids        | (C:0x13)+A2*(B:0x11) | 12     | 6      | 6      | -      | 32     | 1    | 0    | 0    | -    | -     | 0    | 0    | 
|ship_n_asteroids | A*B                  | 23     | 18     | -      | -      | 48     | 0    | 0    | -    | -    | -     | 0    | 0    | 
|ship_n_asteroids | A*B                  | 11     | 11     | -      | -      | 22     | 0    | 0    | -    | -    | -     | 0    | 0    | 
|ship_n_asteroids | PCIN+A*B             | 11     | 11     | -      | -      | 22     | 0    | 0    | -    | -    | -     | 0    | 0    | 
+-----------------+----------------------+--------+--------+--------+--------+--------+------+------+------+------+-------+------+------+

Note: The table above is a preliminary report that shows the DSPs inferred at the current stage of the synthesis flow. Some DSP may be reimplemented as non DSP primitives later in the synthesis flow. Multiple instantiated DSPs are reported only once.
---------------------------------------------------------------------------------
Finished ROM, RAM, DSP, Shift Register and Retiming Reporting
---------------------------------------------------------------------------------
---------------------------------------------------------------------------------
Start Applying XDC Timing Constraints
---------------------------------------------------------------------------------
---------------------------------------------------------------------------------
Finished Applying XDC Timing Constraints : Time (s): cpu = 00:00:41 ; elapsed = 00:00:42 . Memory (MB): peak = 1129.609 ; gain = 1.902
---------------------------------------------------------------------------------
---------------------------------------------------------------------------------
Start Timing Optimization
---------------------------------------------------------------------------------
---------------------------------------------------------------------------------
Finished Timing Optimization : Time (s): cpu = 00:00:41 ; elapsed = 00:00:42 . Memory (MB): peak = 1150.598 ; gain = 22.891
---------------------------------------------------------------------------------
---------------------------------------------------------------------------------
Start Technology Mapping
---------------------------------------------------------------------------------
---------------------------------------------------------------------------------
Finished Technology Mapping : Time (s): cpu = 00:00:41 ; elapsed = 00:00:43 . Memory (MB): peak = 1151.555 ; gain = 23.848
---------------------------------------------------------------------------------
---------------------------------------------------------------------------------
Start IO Insertion
---------------------------------------------------------------------------------
---------------------------------------------------------------------------------
Start Flattening Before IO Insertion
---------------------------------------------------------------------------------
---------------------------------------------------------------------------------
Finished Flattening Before IO Insertion
---------------------------------------------------------------------------------
---------------------------------------------------------------------------------
Start Final Netlist Cleanup
---------------------------------------------------------------------------------
---------------------------------------------------------------------------------
Finished Final Netlist Cleanup
---------------------------------------------------------------------------------
---------------------------------------------------------------------------------
Finished IO Insertion : Time (s): cpu = 00:00:46 ; elapsed = 00:00:47 . Memory (MB): peak = 1159.531 ; gain = 31.824
---------------------------------------------------------------------------------
---------------------------------------------------------------------------------
Start Renaming Generated Instances
---------------------------------------------------------------------------------
---------------------------------------------------------------------------------
Finished Renaming Generated Instances : Time (s): cpu = 00:00:46 ; elapsed = 00:00:47 . Memory (MB): peak = 1159.531 ; gain = 31.824
---------------------------------------------------------------------------------
---------------------------------------------------------------------------------
Start Rebuilding User Hierarchy
---------------------------------------------------------------------------------
---------------------------------------------------------------------------------
Finished Rebuilding User Hierarchy : Time (s): cpu = 00:00:46 ; elapsed = 00:00:47 . Memory (MB): peak = 1159.531 ; gain = 31.824
---------------------------------------------------------------------------------
---------------------------------------------------------------------------------
Start Renaming Generated Ports
---------------------------------------------------------------------------------
---------------------------------------------------------------------------------
Finished Renaming Generated Ports : Time (s): cpu = 00:00:46 ; elapsed = 00:00:47 . Memory (MB): peak = 1159.531 ; gain = 31.824
---------------------------------------------------------------------------------
---------------------------------------------------------------------------------
Start Handling Custom Attributes
---------------------------------------------------------------------------------
---------------------------------------------------------------------------------
Finished Handling Custom Attributes : Time (s): cpu = 00:00:46 ; elapsed = 00:00:47 . Memory (MB): peak = 1159.531 ; gain = 31.824
---------------------------------------------------------------------------------
---------------------------------------------------------------------------------
Start Renaming Generated Nets
---------------------------------------------------------------------------------
---------------------------------------------------------------------------------
Finished Renaming Generated Nets : Time (s): cpu = 00:00:46 ; elapsed = 00:00:47 . Memory (MB): peak = 1159.531 ; gain = 31.824
---------------------------------------------------------------------------------
---------------------------------------------------------------------------------
Start ROM, RAM, DSP, Shift Register and Retiming Reporting
---------------------------------------------------------------------------------

Static Shift Register Report:
+------------+-------------------+--------+-------+--------------+--------------------+-------------------+--------+---------+
|Module Name | RTL Name          | Length | Width | Reset Signal | Pull out first Reg | Pull out last Reg | SRL16E | SRLC32E | 
+------------+-------------------+--------+-------+--------------+--------------------+-------------------+--------+---------+
|asteroids   | adc/pdata2_reg[3] | 4      | 1     | NO           | YES                | YES               | 1      | 0       | 
+------------+-------------------+--------+-------+--------------+--------------------+-------------------+--------+---------+

---------------------------------------------------------------------------------
Finished ROM, RAM, DSP, Shift Register and Retiming Reporting
---------------------------------------------------------------------------------
---------------------------------------------------------------------------------
Start Writing Synthesis Report
---------------------------------------------------------------------------------

Report BlackBoxes: 
+-+--------------+----------+
| |BlackBox name |Instances |
+-+--------------+----------+
+-+--------------+----------+

Report Cell Usage: 
+------+-----------+------+
|      |Cell       |Count |
+------+-----------+------+
|1     |BUFG       |     4|
|2     |CARRY4     |   103|
|3     |DSP48E1    |     4|
|5     |LUT1       |    41|
|6     |LUT2       |   125|
|7     |LUT3       |   129|
|8     |LUT4       |   131|
|9     |LUT5       |    70|
|10    |LUT6       |   190|
|11    |MMCME2_ADV |     1|
|12    |SRL16E     |     1|
|13    |FDRE       |   161|
|14    |FDSE       |     2|
|15    |IBUF       |     8|
|16    |OBUF       |    31|
+------+-----------+------+
---------------------------------------------------------------------------------
Finished Writing Synthesis Report : Time (s): cpu = 00:00:46 ; elapsed = 00:00:47 . Memory (MB): peak = 1159.531 ; gain = 31.824
---------------------------------------------------------------------------------
Synthesis finished with 0 errors, 3 critical warnings and 0 warnings.
Synthesis Optimization Runtime : Time (s): cpu = 00:00:32 ; elapsed = 00:00:44 . Memory (MB): peak = 1159.531 ; gain = 31.824
Synthesis Optimization Complete : Time (s): cpu = 00:00:46 ; elapsed = 00:00:48 . Memory (MB): peak = 1159.531 ; gain = 31.824
INFO: [Project 1-571] Translating synthesized netlist
Netlist sorting complete. Time (s): cpu = 00:00:00 ; elapsed = 00:00:00.020 . Memory (MB): peak = 1159.531 ; gain = 0.000
INFO: [Netlist 29-17] Analyzing 108 Unisim elements for replacement
INFO: [Netlist 29-28] Unisim Transformation completed in 0 CPU seconds
INFO: [Project 1-570] Preparing netlist for logic optimization
INFO: [Opt 31-138] Pushed 0 inverter(s) to 0 load pin(s).
Netlist sorting complete. Time (s): cpu = 00:00:00 ; elapsed = 00:00:00.001 . Memory (MB): peak = 1183.457 ; gain = 0.000
INFO: [Project 1-111] Unisim Transformation Summary:
No Unisim elements were transformed.

Synth Design complete, checksum: 5a065c74
INFO: [Common 17-83] Releasing license: Synthesis
41 Infos, 7 Warnings, 3 Critical Warnings and 0 Errors encountered.
synth_design completed successfully
synth_design: Time (s): cpu = 00:00:52 ; elapsed = 00:00:55 . Memory (MB): peak = 1183.457 ; gain = 55.750
INFO: [runtcl-6] Synthesis results are not added to the cache due to CRITICAL_WARNING
INFO: [Common 17-1381] The checkpoint 'C:/Users/johns/Documents/Digital System Design/Personal/dsd/Projects/asteroids/asteroids.runs/synth_1/asteroids.dcp' has been generated.
INFO: [runtcl-4] Executing : report_utilization -file asteroids_utilization_synth.rpt -pb asteroids_utilization_synth.pb
INFO: [Common 17-206] Exiting Vivado at Mon Dec 13 10:12:40 2021...
